<?xml version="1.0" encoding="UTF-8"?>
<!-- Generated by org.testng.reporters.JUnitXMLReporter -->
<testsuite ignored="0" hostname="DESKTOP-6LIE0K3" failures="0" tests="5" name="Default test" time="12.63" errors="0" timestamp="2024-12-30T01:52:23 CET">
  <testcase classname="com.qa.opncart.tests.HomePageTest" name="homePageTitleTest" time="0.018"/>
  <testcase classname="com.qa.opncart.tests.HomePageTest" name="homePageUrlTest" time="0.001"/>
  <testcase classname="com.qa.opncart.tests.HomePageTest" name="searchTest" time="1.685"/>
  <testcase classname="com.qa.opncart.tests.HomePageTest" name="searchTest" time="2.527"/>
  <testcase classname="com.qa.opncart.tests.HomePageTest" name="searchTest" time="2.518"/>
</testsuite> <!-- Default test -->
