<?xml version="1.0" encoding="UTF-8"?>
<!-- Generated by org.testng.reporters.JUnitXMLReporter -->
<testsuite ignored="0" hostname="DESKTOP-6LIE0K3" failures="0" tests="3" name="Open Cart Login Page Test" time="7.953" errors="0" timestamp="2025-01-01T03:44:17 CET">
  <testcase classname="com.qa.opencart.tests.LoginPageTest" name="loginPageNavigationTest" time="0.618"/>
  <testcase classname="com.qa.opencart.tests.LoginPageTest" name="forgotPaswLinkExistTest" time="0.488"/>
  <testcase classname="com.qa.opencart.tests.LoginPageTest" name="appLoginTest" time="1.264"/>
</testsuite> <!-- Open Cart Login Page Test -->
