<?xml version="1.0" encoding="UTF-8"?>
<!-- Generated by org.testng.reporters.JUnitXMLReporter -->
<testsuite ignored="0" hostname="DESKTOP-6LIE0K3" failures="0" tests="5" name="Open Cart Home Page Test_chrome" time="10.659" errors="0" timestamp="2025-01-12T19:33:46 CET">
  <testcase classname="com.qa.opencart.tests.HomePageTest" name="homePageTitleTest" time="0.029"/>
  <testcase classname="com.qa.opencart.tests.HomePageTest" name="homePageUrlTest" time="0.002"/>
  <testcase classname="com.qa.opencart.tests.HomePageTest" name="searchTest" time="1.095"/>
  <testcase classname="com.qa.opencart.tests.HomePageTest" name="searchTest" time="0.677"/>
  <testcase classname="com.qa.opencart.tests.HomePageTest" name="searchTest" time="0.567"/>
</testsuite> <!-- Open Cart Home Page Test_chrome -->
