<?xml version="1.0" encoding="UTF-8"?>
<!-- Generated by org.testng.reporters.JUnitXMLReporter -->
<testsuite ignored="0" hostname="DESKTOP-6LIE0K3" failures="0" tests="5" name="Open Cart Home Page Test" time="7.292" errors="0" timestamp="2025-01-01T03:44:16 CET">
  <testcase classname="com.qa.opencart.tests.HomePageTest" name="homePageTitleTest" time="0.045"/>
  <testcase classname="com.qa.opencart.tests.HomePageTest" name="homePageUrlTest" time="0.001"/>
  <testcase classname="com.qa.opencart.tests.HomePageTest" name="searchTest" time="0.596"/>
  <testcase classname="com.qa.opencart.tests.HomePageTest" name="searchTest" time="0.544"/>
  <testcase classname="com.qa.opencart.tests.HomePageTest" name="searchTest" time="0.473"/>
</testsuite> <!-- Open Cart Home Page Test -->
