<?xml version="1.0" encoding="UTF-8"?>
<!-- Generated by org.testng.reporters.JUnitXMLReporter -->
<testsuite ignored="0" hostname="DESKTOP-6LIE0K3" failures="0" tests="3" name="Open Cart Login Page Test_safari" time="10.782" errors="0" timestamp="2025-01-12T19:33:46 CET">
  <testcase classname="com.qa.opencart.tests.LoginPageTest" name="loginPageNavigationTest" time="0.688"/>
  <testcase classname="com.qa.opencart.tests.LoginPageTest" name="forgotPaswLinkExistTest" time="0.995"/>
  <testcase classname="com.qa.opencart.tests.LoginPageTest" name="appLoginTest" time="1.442"/>
</testsuite> <!-- Open Cart Login Page Test_safari -->
