<?xml version="1.0" encoding="UTF-8"?>
<!-- Generated by org.testng.reporters.JUnitXMLReporter -->
<testsuite ignored="0" hostname="DESKTOP-6LIE0K3" failures="0" tests="5" name="Open Cart Home Page Test_chrome" time="7.995" errors="0" timestamp="2025-01-12T20:07:43 CET">
  <testcase classname="com.qa.opencart.tests.HomePageTest" name="homePageTitleTest" time="0.034"/>
  <testcase classname="com.qa.opencart.tests.HomePageTest" name="homePageUrlTest" time="0.003"/>
  <testcase classname="com.qa.opencart.tests.HomePageTest" name="searchTest" time="0.767"/>
  <testcase classname="com.qa.opencart.tests.HomePageTest" name="searchTest" time="0.522"/>
  <testcase classname="com.qa.opencart.tests.HomePageTest" name="searchTest" time="0.434"/>
</testsuite> <!-- Open Cart Home Page Test_chrome -->
