<?xml version="1.0" encoding="UTF-8"?>
<testng-results ignored="0" total="5" passed="5" failed="0" skipped="0">
  <reporter-output>
  </reporter-output>
  <suite started-at="2025-01-12T20:07:35 CET" name="Open Cart Test Regression PW Suite" finished-at="2025-01-12T20:07:43 CET" duration-ms="7995">
    <groups>
    </groups>
    <test started-at="2025-01-12T20:07:35 CET" name="Open Cart Home Page Test_chrome" finished-at="2025-01-12T20:07:43 CET" duration-ms="7995">
      <class name="com.qa.opencart.tests.HomePageTest">
        <test-method is-config="true" signature="setup()[pri:0, instance:com.qa.opencart.tests.HomePageTest@2ab4bc72]" started-at="2025-01-12T20:07:35 CET" name="setup" finished-at="2025-01-12T20:07:41 CET" duration-ms="5865" status="PASS">
          <reporter-output>
          </reporter-output>
        </test-method> <!-- setup -->
        <test-method signature="homePageTitleTest()[pri:0, instance:com.qa.opencart.tests.HomePageTest@2ab4bc72]" started-at="2025-01-12T20:07:41 CET" name="homePageTitleTest" finished-at="2025-01-12T20:07:41 CET" duration-ms="34" status="PASS">
          <reporter-output>
          </reporter-output>
        </test-method> <!-- homePageTitleTest -->
        <test-method signature="homePageUrlTest()[pri:0, instance:com.qa.opencart.tests.HomePageTest@2ab4bc72]" started-at="2025-01-12T20:07:41 CET" name="homePageUrlTest" finished-at="2025-01-12T20:07:41 CET" duration-ms="3" status="PASS">
          <reporter-output>
          </reporter-output>
        </test-method> <!-- homePageUrlTest -->
        <test-method signature="searchTest(java.lang.String)[pri:0, instance:com.qa.opencart.tests.HomePageTest@2ab4bc72]" started-at="2025-01-12T20:07:41 CET" name="searchTest" data-provider="getProductData" finished-at="2025-01-12T20:07:42 CET" duration-ms="767" status="PASS">
          <params>
            <param index="0">
              <value>
                <![CDATA[Macbook]]>
              </value>
            </param>
          </params>
          <reporter-output>
          </reporter-output>
        </test-method> <!-- searchTest -->
        <test-method signature="searchTest(java.lang.String)[pri:0, instance:com.qa.opencart.tests.HomePageTest@2ab4bc72]" started-at="2025-01-12T20:07:42 CET" name="searchTest" data-provider="getProductData" finished-at="2025-01-12T20:07:42 CET" duration-ms="522" status="PASS">
          <params>
            <param index="0">
              <value>
                <![CDATA[iMac]]>
              </value>
            </param>
          </params>
          <reporter-output>
          </reporter-output>
        </test-method> <!-- searchTest -->
        <test-method signature="searchTest(java.lang.String)[pri:0, instance:com.qa.opencart.tests.HomePageTest@2ab4bc72]" started-at="2025-01-12T20:07:42 CET" name="searchTest" data-provider="getProductData" finished-at="2025-01-12T20:07:43 CET" duration-ms="434" status="PASS">
          <params>
            <param index="0">
              <value>
                <![CDATA[Samsung]]>
              </value>
            </param>
          </params>
          <reporter-output>
          </reporter-output>
        </test-method> <!-- searchTest -->
        <test-method is-config="true" signature="tearDown()[pri:0, instance:com.qa.opencart.tests.HomePageTest@2ab4bc72]" started-at="2025-01-12T20:07:43 CET" name="tearDown" finished-at="2025-01-12T20:07:43 CET" duration-ms="223" status="PASS">
          <reporter-output>
          </reporter-output>
        </test-method> <!-- tearDown -->
      </class> <!-- com.qa.opencart.tests.HomePageTest -->
    </test> <!-- Open Cart Home Page Test_chrome -->
  </suite> <!-- Open Cart Test Regression PW Suite -->
</testng-results>
