<?xml version="1.0" encoding="UTF-8"?>
<testng-results ignored="0" total="8" passed="8" failed="0" skipped="0">
  <reporter-output>
  </reporter-output>
  <suite started-at="2025-01-01T03:44:09 CET" name="Open Cart Test Regression PW Suite" finished-at="2025-01-01T03:44:17 CET" duration-ms="7953">
    <groups>
    </groups>
    <test started-at="2025-01-01T03:44:09 CET" name="Open Cart Home Page Test" finished-at="2025-01-01T03:44:16 CET" duration-ms="7292">
      <class name="com.qa.opencart.tests.HomePageTest">
        <test-method is-config="true" signature="setup()[pri:0, instance:com.qa.opencart.tests.HomePageTest@4201c465]" started-at="2025-01-01T03:44:09 CET" name="setup" finished-at="2025-01-01T03:44:14 CET" duration-ms="5240" status="PASS">
          <reporter-output>
          </reporter-output>
        </test-method> <!-- setup -->
        <test-method signature="homePageTitleTest()[pri:0, instance:com.qa.opencart.tests.HomePageTest@4201c465]" started-at="2025-01-01T03:44:14 CET" name="homePageTitleTest" finished-at="2025-01-01T03:44:14 CET" duration-ms="45" status="PASS">
          <reporter-output>
          </reporter-output>
        </test-method> <!-- homePageTitleTest -->
        <test-method signature="homePageUrlTest()[pri:0, instance:com.qa.opencart.tests.HomePageTest@4201c465]" started-at="2025-01-01T03:44:14 CET" name="homePageUrlTest" finished-at="2025-01-01T03:44:14 CET" duration-ms="1" status="PASS">
          <reporter-output>
          </reporter-output>
        </test-method> <!-- homePageUrlTest -->
        <test-method signature="searchTest(java.lang.String)[pri:0, instance:com.qa.opencart.tests.HomePageTest@4201c465]" started-at="2025-01-01T03:44:14 CET" name="searchTest" data-provider="getProductData" finished-at="2025-01-01T03:44:15 CET" duration-ms="596" status="PASS">
          <params>
            <param index="0">
              <value>
                <![CDATA[Macbook]]>
              </value>
            </param>
          </params>
          <reporter-output>
          </reporter-output>
        </test-method> <!-- searchTest -->
        <test-method signature="searchTest(java.lang.String)[pri:0, instance:com.qa.opencart.tests.HomePageTest@4201c465]" started-at="2025-01-01T03:44:15 CET" name="searchTest" data-provider="getProductData" finished-at="2025-01-01T03:44:15 CET" duration-ms="544" status="PASS">
          <params>
            <param index="0">
              <value>
                <![CDATA[iMac]]>
              </value>
            </param>
          </params>
          <reporter-output>
          </reporter-output>
        </test-method> <!-- searchTest -->
        <test-method signature="searchTest(java.lang.String)[pri:0, instance:com.qa.opencart.tests.HomePageTest@4201c465]" started-at="2025-01-01T03:44:15 CET" name="searchTest" data-provider="getProductData" finished-at="2025-01-01T03:44:16 CET" duration-ms="473" status="PASS">
          <params>
            <param index="0">
              <value>
                <![CDATA[Samsung]]>
              </value>
            </param>
          </params>
          <reporter-output>
          </reporter-output>
        </test-method> <!-- searchTest -->
        <test-method is-config="true" signature="tearDown()[pri:0, instance:com.qa.opencart.tests.HomePageTest@4201c465]" started-at="2025-01-01T03:44:16 CET" name="tearDown" finished-at="2025-01-01T03:44:16 CET" duration-ms="312" status="PASS">
          <reporter-output>
          </reporter-output>
        </test-method> <!-- tearDown -->
      </class> <!-- com.qa.opencart.tests.HomePageTest -->
    </test> <!-- Open Cart Home Page Test -->
    <test started-at="2025-01-01T03:44:09 CET" name="Open Cart Login Page Test" finished-at="2025-01-01T03:44:17 CET" duration-ms="7953">
      <class name="com.qa.opencart.tests.LoginPageTest">
        <test-method is-config="true" signature="setup()[pri:0, instance:com.qa.opencart.tests.LoginPageTest@20b2475a]" started-at="2025-01-01T03:44:09 CET" name="setup" finished-at="2025-01-01T03:44:14 CET" duration-ms="5234" status="PASS">
          <reporter-output>
          </reporter-output>
        </test-method> <!-- setup -->
        <test-method signature="loginPageNavigationTest()[pri:1, instance:com.qa.opencart.tests.LoginPageTest@20b2475a]" started-at="2025-01-01T03:44:14 CET" name="loginPageNavigationTest" finished-at="2025-01-01T03:44:15 CET" duration-ms="618" status="PASS">
          <reporter-output>
          </reporter-output>
        </test-method> <!-- loginPageNavigationTest -->
        <test-method signature="forgotPaswLinkExistTest()[pri:2, instance:com.qa.opencart.tests.LoginPageTest@20b2475a]" started-at="2025-01-01T03:44:15 CET" name="forgotPaswLinkExistTest" finished-at="2025-01-01T03:44:15 CET" duration-ms="488" status="PASS">
          <reporter-output>
          </reporter-output>
        </test-method> <!-- forgotPaswLinkExistTest -->
        <test-method signature="appLoginTest()[pri:3, instance:com.qa.opencart.tests.LoginPageTest@20b2475a]" started-at="2025-01-01T03:44:15 CET" name="appLoginTest" finished-at="2025-01-01T03:44:16 CET" duration-ms="1264" status="PASS">
          <reporter-output>
          </reporter-output>
        </test-method> <!-- appLoginTest -->
        <test-method is-config="true" signature="tearDown()[pri:0, instance:com.qa.opencart.tests.LoginPageTest@20b2475a]" started-at="2025-01-01T03:44:16 CET" name="tearDown" finished-at="2025-01-01T03:44:17 CET" duration-ms="250" status="PASS">
          <reporter-output>
          </reporter-output>
        </test-method> <!-- tearDown -->
      </class> <!-- com.qa.opencart.tests.LoginPageTest -->
    </test> <!-- Open Cart Login Page Test -->
  </suite> <!-- Open Cart Test Regression PW Suite -->
</testng-results>
